#-----------------------------------------------------------
# PlanAhead v14.7 (64-bit)
# Build 321239 by xbuild on Fri Sep 27 19:24:36 MDT 2013
# Start of session at: Thu Jun 23 13:07:54 2022
# Process ID: 3880
# Log file: /home/sd/ula/planAhead_run_2/planAhead.log
# Journal file: /home/sd/ula/planAhead_run_2/planAhead.jou
#-----------------------------------------------------------
INFO: [Common 17-78] Attempting to get a license: PlanAhead
INFO: [Common 17-290] Got license for PlanAhead
INFO: [Common 17-86] Your PlanAhead license expires in -1089 day(s)
INFO: [Device 21-36] Loading parts and site information from /opt/Xilinx/14.7/ISE_DS/PlanAhead/data/parts/arch.xml
Parsing RTL primitives file [/opt/Xilinx/14.7/ISE_DS/PlanAhead/data/parts/xilinx/rtl/prims/rtl_prims.xml]
Finished parsing RTL primitives file [/opt/Xilinx/14.7/ISE_DS/PlanAhead/data/parts/xilinx/rtl/prims/rtl_prims.xml]
start_gui
source /home/sd/ula/pa.fromHdl.tcl
# create_project -name Ula -dir "/home/sd/ula/planAhead_run_3" -part xc3s700anfgg484-5
# set_param project.pinAheadLayout yes
# set srcset [get_property srcset [current_run -impl]]
# set_property target_constrs_file "ULA.ucf" [current_fileset -constrset]
Adding file '/home/sd/ula/ULA.ucf' to fileset 'constrs_1'
# set hdlfile [add_files [list {adder.vhd}]]
# set_property file_type VHDL $hdlfile
# set_property library work $hdlfile
# set hdlfile [add_files [list {fulladder.vhd}]]
# set_property file_type VHDL $hdlfile
# set_property library work $hdlfile
# set hdlfile [add_files [list {contador.vhd}]]
# set_property file_type VHDL $hdlfile
# set_property library work $hdlfile
# set hdlfile [add_files [list {complementador.vhd}]]
# set_property file_type VHDL $hdlfile
# set_property library work $hdlfile
# set hdlfile [add_files [list {comparador.vhd}]]
# set_property file_type VHDL $hdlfile
# set_property library work $hdlfile
# set hdlfile [add_files [list {ula.vhd}]]
# set_property file_type VHDL $hdlfile
# set_property library work $hdlfile
# set_property top ULA $srcset
# add_files [list {ULA.ucf}] -fileset [get_property constrset [current_run]]
# open_rtl_design -part xc3s700anfgg484-5
Using Verific elaboration
Parsing VHDL file "/opt/Xilinx/14.7/ISE_DS/PlanAhead/data/parts/xilinx/rtl/lib/synplify/synattr.vhd" into library synplify
Parsing VHDL file "/opt/Xilinx/14.7/ISE_DS/PlanAhead/data/parts/xilinx/rtl/lib/synplify/synattr.vhd" into library synplify
Parsing VHDL file "/home/sd/ula/adder.vhd" into library work
Parsing VHDL file "/home/sd/ula/fulladder.vhd" into library work
Parsing VHDL file "/home/sd/ula/contador.vhd" into library work
Parsing VHDL file "/home/sd/ula/complementador.vhd" into library work
Parsing VHDL file "/home/sd/ula/comparador.vhd" into library work
Parsing VHDL file "/home/sd/ula/ula.vhd" into library work
INFO: [Designutils 20-910] Reading macro library /opt/Xilinx/14.7/ISE_DS/PlanAhead/data/./parts/xilinx/spartan3a/hd_int_macros.edn
Parsing EDIF File [/opt/Xilinx/14.7/ISE_DS/PlanAhead/data/./parts/xilinx/spartan3a/hd_int_macros.edn]
Finished Parsing EDIF File [/opt/Xilinx/14.7/ISE_DS/PlanAhead/data/./parts/xilinx/spartan3a/hd_int_macros.edn]
Loading clock regions from /opt/Xilinx/14.7/ISE_DS/PlanAhead/data/parts/xilinx/spartan3a/spartan3a/xc3s700an/ClockRegion.xml
Loading clock buffers from /opt/Xilinx/14.7/ISE_DS/PlanAhead/data/parts/xilinx/spartan3a/spartan3a/xc3s700an/ClockBuffers.xml
Loading package from /opt/Xilinx/14.7/ISE_DS/PlanAhead/data/parts/xilinx/spartan3a/spartan3a/xc3s700an/fgg484/Package.xml
Loading io standards from /opt/Xilinx/14.7/ISE_DS/PlanAhead/data/./parts/xilinx/spartan3a/IOStandards.xml
INFO: [Device 21-19] Loading pkg sso from /opt/Xilinx/14.7/ISE_DS/PlanAhead/data/parts/xilinx/spartan3a/spartan3a/xc3s700an/fgg484/SSORules.xml
Loading list of drcs for the architecture : /opt/Xilinx/14.7/ISE_DS/PlanAhead/data/./parts/xilinx/spartan3a/drc.xml
INFO: [Timing 38-77] Reading timing library /opt/Xilinx/14.7/ISE_DS/PlanAhead/data/parts/xilinx/spartan3a/spartan3a/spartan3a-5.lib.
INFO: [Timing 38-34] Done reading timing library /opt/Xilinx/14.7/ISE_DS/PlanAhead/data/parts/xilinx/spartan3a/spartan3a/spartan3a-5.lib.
Parsing UCF File [/home/sd/ula/ULA.ucf]
Finished Parsing UCF File [/home/sd/ula/ULA.ucf]
INFO: [Project 1-111] Unisim Transformation Summary:
No Unisim elements were transformed.

Phase 0 | Netlist Checksum: 07d13193
open_rtl_design: Time (s): cpu = 00:00:13 ; elapsed = 00:00:11 . Memory (MB): peak = 2765.086 ; gain = 112.516
update_compile_order -fileset sim_1
startgroup
set_property package_pin U20 [get_ports neg]
endgroup
set_property is_loc_fixed false [get_ports [list  neg]]
set_property is_loc_fixed true [get_ports [list  neg]]
set_property is_loc_fixed false [get_ports [list  neg]]
set_property is_loc_fixed true [get_ports [list  neg]]
startgroup
set_property package_pin T19 [get_ports overflow]
endgroup
set_property package_pin "" [get_ports [list  zero]]
startgroup
set_property package_pin R20 [get_ports zero]
endgroup
undo
INFO: [Common 17-17] undo 'endgroup'
INFO: [Common 17-17] undo 'set_property package_pin R20 [get_ports zero]'
INFO: [Common 17-17] undo 'startgroup'
undo
INFO: [Common 17-17] undo 'set_property package_pin "" [get_ports [list  zero]]'
undo
INFO: [Common 17-17] undo 'endgroup'
INFO: [Common 17-17] undo 'set_property package_pin T19 [get_ports overflow]'
INFO: [Common 17-17] undo 'startgroup'
undo
INFO: [Common 17-17] undo 'set_property is_loc_fixed true [get_ports [list  neg]]'
undo
INFO: [Common 17-17] undo 'set_property is_loc_fixed false [get_ports [list  neg]]'
undo
INFO: [Common 17-17] undo 'set_property is_loc_fixed true [get_ports [list  neg]]'
redo
INFO: [Common 17-16] redo 'set_property is_loc_fixed true [get_ports [list  neg]]'
redo
INFO: [Common 17-16] redo 'set_property is_loc_fixed false [get_ports [list  neg]]'
redo
INFO: [Common 17-16] redo 'set_property is_loc_fixed true [get_ports [list  neg]]'
redo
INFO: [Common 17-16] redo 'startgroup'
INFO: [Common 17-16] redo 'set_property package_pin T19 [get_ports overflow]'
INFO: [Common 17-16] redo 'endgroup'
redo
INFO: [Common 17-16] redo 'set_property package_pin "" [get_ports [list  zero]]'
redo
INFO: [Common 17-16] redo 'startgroup'
INFO: [Common 17-16] redo 'set_property package_pin R20 [get_ports zero]'
INFO: [Common 17-16] redo 'endgroup'
save_constraints
update_compile_order -fileset sources_1
update_compile_order -fileset sources_1
exit
ERROR: [#UNDEF] *** Exception: ui.h.b: Found deleted key in HTclEventBroker. Verify if the classes listed here call cleanup()
HTclEvent: SIGNAL_MODIFY   Classes: ui.views.aR 
HTclEvent: SIGNAL_BUS_MODIFY   Classes: ui.views.aR 
HTclEvent: DEBUG_PORT_CONFIG_CHANGE   Classes: ui.views.aR 
HTclEvent: DEBUG_CORE_CONFIG_CHANGE   Classes: ui.views.aR 
 (See /home/sd/ula/planAhead_pid3880.debug)
ERROR: [Common 17-39] 'stop_gui' failed due to earlier errors.
INFO: [Common 17-206] Exiting PlanAhead at Thu Jun 23 13:58:15 2022...
INFO: [Common 17-83] Releasing license: PlanAhead
