#-----------------------------------------------------------
# PlanAhead v14.7 (64-bit)
# Build 321239 by xbuild on Fri Sep 27 19:24:36 MDT 2013
# Start of session at: Thu Jun 23 13:08:12 2022
# Process ID: 3910
# Log file: /home/sd/ula/planAhead_run_3/planAhead.log
# Journal file: /home/sd/ula/planAhead_run_3/planAhead.jou
#-----------------------------------------------------------
INFO: [Common 17-78] Attempting to get a license: PlanAhead
INFO: [Common 17-290] Got license for PlanAhead
INFO: [Common 17-86] Your PlanAhead license expires in -1089 day(s)
INFO: [Device 21-36] Loading parts and site information from /opt/Xilinx/14.7/ISE_DS/PlanAhead/data/parts/arch.xml
Parsing RTL primitives file [/opt/Xilinx/14.7/ISE_DS/PlanAhead/data/parts/xilinx/rtl/prims/rtl_prims.xml]
Finished parsing RTL primitives file [/opt/Xilinx/14.7/ISE_DS/PlanAhead/data/parts/xilinx/rtl/prims/rtl_prims.xml]
start_gui
source /home/sd/ula/pa.fromHdl.tcl
# create_project -name Ula -dir "/home/sd/ula/planAhead_run_3" -part xc3s700anfgg484-5
ERROR: [Common 17-53] User Exception: Project already exists on disk, please use '-force' option to overwrite: 
     /home/sd/ula/planAhead_run_3/Ula.ppr
     /home/sd/ula/planAhead_run_3/Ula.data

    while executing
"create_project -name Ula -dir "/home/sd/ula/planAhead_run_3" -part xc3s700anfgg484-5"
    (file "/home/sd/ula/pa.fromHdl.tcl" line 4)
exit
INFO: [Common 17-206] Exiting PlanAhead at Thu Jun 23 13:14:15 2022...
INFO: [Common 17-83] Releasing license: PlanAhead
